mode: atomic
github.com/gopatchy/storebus/storebus.go:27.52,29.16 2 2
github.com/gopatchy/storebus/storebus.go:29.16,31.3 1 0
github.com/gopatchy/storebus/storebus.go:33.2,37.8 1 2
github.com/gopatchy/storebus/storebus.go:40.29,42.2 1 2
github.com/gopatchy/storebus/storebus.go:44.73,48.40 3 4
github.com/gopatchy/storebus/storebus.go:48.40,50.3 1 0
github.com/gopatchy/storebus/storebus.go:52.2,52.52 1 4
github.com/gopatchy/storebus/storebus.go:52.52,54.3 1 0
github.com/gopatchy/storebus/storebus.go:56.2,58.12 2 4
github.com/gopatchy/storebus/storebus.go:61.69,65.52 3 1
github.com/gopatchy/storebus/storebus.go:65.52,67.3 1 0
github.com/gopatchy/storebus/storebus.go:69.2,71.12 2 1
github.com/gopatchy/storebus/storebus.go:74.94,76.2 1 1
github.com/gopatchy/storebus/storebus.go:78.107,83.16 4 2
github.com/gopatchy/storebus/storebus.go:83.16,85.3 1 0
github.com/gopatchy/storebus/storebus.go:87.2,89.15 2 2
github.com/gopatchy/storebus/storebus.go:92.65,94.2 1 2
github.com/gopatchy/storebus/storebus.go:96.92,98.2 1 2
github.com/gopatchy/storebus/storebus.go:100.105,105.16 4 1
github.com/gopatchy/storebus/storebus.go:105.16,107.3 1 0
github.com/gopatchy/storebus/storebus.go:109.2,115.12 4 1
github.com/gopatchy/storebus/storebus.go:115.12,118.15 2 1
github.com/gopatchy/storebus/storebus.go:118.15,121.18 2 3
github.com/gopatchy/storebus/storebus.go:121.18,122.10 1 0
github.com/gopatchy/storebus/storebus.go:125.4,125.11 1 3
github.com/gopatchy/storebus/storebus.go:126.18,126.18 0 3
github.com/gopatchy/storebus/storebus.go:127.12,128.10 1 0
github.com/gopatchy/storebus/storebus.go:133.2,133.17 1 1
github.com/gopatchy/storebus/storebus.go:136.63,143.2 4 1
github.com/gopatchy/storebus/storebus.go:145.67,150.2 3 1
github.com/gopatchy/storebus/storebus.go:152.32,161.40 6 4
github.com/gopatchy/storebus/storebus.go:161.40,163.3 1 0
github.com/gopatchy/storebus/storebus.go:165.2,167.12 2 4
